<?xml version="1.0" encoding="UTF-8"?>
<!-- Generated by org.testng.reporters.JUnitReportReporter -->
<testsuite skipped="0" hostname="ONV407060" name="valILS.CalibrationInflationUsdTest" tests="1" failures="0" timestamp="19 jan 2021 09:44:11 GMT" time="0.444" errors="0">
  <testcase name="calibration_present_value_oneGroup" time="0.444" classname="valILS.CalibrationInflationUsdTest"/>
</testsuite> <!-- valILS.CalibrationInflationUsdTest -->
