<?xml version="1.0" encoding="UTF-8"?>
<!-- Generated by org.testng.reporters.JUnitReportReporter -->
<testsuite name="com.opengamma.strata.product.bond.FixedCouponBondTest" tests="5" time="0.568" ignored="0" failures="0" timestamp="30 okt 2017 10:43:08 GMT" skipped="0" hostname="ONV213804" errors="0">
  <testcase name="test_resolve" time="0.053" classname="com.opengamma.strata.product.bond.FixedCouponBondTest"/>
  <testcase name="coverage" time="0.483" classname="com.opengamma.strata.product.bond.FixedCouponBondTest"/>
  <testcase name="test_builder_fail" time="0.007" classname="com.opengamma.strata.product.bond.FixedCouponBondTest"/>
  <testcase name="test_serialization" time="0.020" classname="com.opengamma.strata.product.bond.FixedCouponBondTest"/>
  <testcase name="test_builder" time="0.005" classname="com.opengamma.strata.product.bond.FixedCouponBondTest"/>
</testsuite> <!-- com.opengamma.strata.product.bond.FixedCouponBondTest -->
