<?xml version="1.0" encoding="UTF-8"?>
<!-- Generated by org.testng.reporters.JUnitReportReporter -->
<testsuite name="com.oyvind.RData" tests="1" time="3.244" ignored="12" failures="0" timestamp="14 nov 2017 12:09:22 GMT" skipped="0" hostname="ONV213804" errors="0">
  <testcase name="writeObjectWithS4AndClassBitSet" time="3.244" classname="com.oyvind.RData"/>
  <testcase name="writeObjectWithS4BitSet" classname="com.oyvind.RData">
    <skipped/>
  </testcase> <!-- writeObjectWithS4BitSet -->
  <testcase name="testVerySimple" classname="com.oyvind.RData">
    <skipped/>
  </testcase> <!-- testVerySimple -->
  <testcase name="testAsciiSafe" classname="com.oyvind.RData">
    <skipped/>
  </testcase> <!-- testAsciiSafe -->
  <testcase name="testClosure" classname="com.oyvind.RData">
    <skipped/>
  </testcase> <!-- testClosure -->
  <testcase name="attributesCompatiblityWithCR" classname="com.oyvind.RData">
    <skipped/>
  </testcase> <!-- attributesCompatiblityWithCR -->
  <testcase name="closureEnclosedByClosure" classname="com.oyvind.RData">
    <skipped/>
  </testcase> <!-- closureEnclosedByClosure -->
  <testcase name="writeEnvironmentWithActiveBindings" classname="com.oyvind.RData">
    <skipped/>
  </testcase> <!-- writeEnvironmentWithActiveBindings -->
  <testcase name="NAs" classname="com.oyvind.RData">
    <skipped/>
  </testcase> <!-- NAs -->
  <testcase name="sharedEnvironmentBetweenClosures" classname="com.oyvind.RData">
    <skipped/>
  </testcase> <!-- sharedEnvironmentBetweenClosures -->
  <testcase name="closureWithPromise" classname="com.oyvind.RData">
    <skipped/>
  </testcase> <!-- closureWithPromise -->
  <testcase name="test" classname="com.oyvind.RData">
    <skipped/>
  </testcase> <!-- test -->
  <testcase name="specialSymbols" classname="com.oyvind.RData">
    <skipped/>
  </testcase> <!-- specialSymbols -->
</testsuite> <!-- com.oyvind.RData -->
