<?xml version="1.0" encoding="UTF-8"?>
<!-- Generated by org.testng.reporters.JUnitReportReporter -->
<testsuite name="com.opengamma.strata.product.bond.FixedCouponBondTradeTest" tests="5" time="0.289" ignored="0" failures="0" timestamp="30 okt 2017 10:44:07 GMT" skipped="0" hostname="ONV213804" errors="0">
  <testcase name="test_resolve" time="0.060" classname="com.opengamma.strata.product.bond.FixedCouponBondTradeTest"/>
  <testcase name="coverage" time="0.187" classname="com.opengamma.strata.product.bond.FixedCouponBondTradeTest"/>
  <testcase name="test_serialization" time="0.028" classname="com.opengamma.strata.product.bond.FixedCouponBondTradeTest"/>
  <testcase name="test_resolve_noTradeOrSettlementDate" time="0.006" classname="com.opengamma.strata.product.bond.FixedCouponBondTradeTest"/>
  <testcase name="test_builder_resolved" time="0.008" classname="com.opengamma.strata.product.bond.FixedCouponBondTradeTest"/>
</testsuite> <!-- com.opengamma.strata.product.bond.FixedCouponBondTradeTest -->
