<?xml version="1.0" encoding="UTF-8"?>
<!-- Generated by org.testng.reporters.JUnitReportReporter -->
<testsuite skipped="0" hostname="ONV407060" name="valILS.IborCapFloorTradeCalculationFunctionTest" tests="2" failures="0" timestamp="25 jan 2021 13:47:58 GMT" time="0.226" errors="0">
  <testcase name="test_simpleMeasures" time="0.066" classname="valILS.IborCapFloorTradeCalculationFunctionTest"/>
  <testcase name="test_requirementsAndCurrency" time="0.160" classname="valILS.IborCapFloorTradeCalculationFunctionTest"/>
</testsuite> <!-- valILS.IborCapFloorTradeCalculationFunctionTest -->
