<?xml version="1.0" encoding="UTF-8"?>
<!-- Generated by org.testng.reporters.JUnitReportReporter -->
<testsuite skipped="0" hostname="ONV407060" name="valILS.NormalIborCapFloorLegPricerTest" tests="1" failures="0" timestamp="25 jan 2021 14:30:30 GMT" time="0.767" errors="0">
  <testcase name="test_presentValue" time="0.767" classname="valILS.NormalIborCapFloorLegPricerTest"/>
</testsuite> <!-- valILS.NormalIborCapFloorLegPricerTest -->
