<?xml version="1.0" encoding="UTF-8"?>
<!-- Generated by org.testng.reporters.JUnitReportReporter -->
<testsuite skipped="0" hostname="ONV407060" name="com.oyvind.ParameterizedFunctionalCurveDefinitionTest" tests="15" failures="0" timestamp="11 mrt 2019 13:57:03 GMT" time="0.102" errors="0">
  <testcase name="test_filtered_dropThis_atStart" time="0.001" classname="com.oyvind.ParameterizedFunctionalCurveDefinitionTest"/>
  <testcase name="test_filtered_dropOther_multiple" time="0.001" classname="com.oyvind.ParameterizedFunctionalCurveDefinitionTest"/>
  <testcase name="test_filtered_dropThis_middle" time="0.001" classname="com.oyvind.ParameterizedFunctionalCurveDefinitionTest"/>
  <testcase name="test_builder" time="0.002" classname="com.oyvind.ParameterizedFunctionalCurveDefinitionTest"/>
  <testcase name="test_filtered_dropOther_atEnd" time="0.003" classname="com.oyvind.ParameterizedFunctionalCurveDefinitionTest"/>
  <testcase name="test_metadata" time="0.005" classname="com.oyvind.ParameterizedFunctionalCurveDefinitionTest"/>
  <testcase name="test_filtered_dropOther_atStart" time="0.000" classname="com.oyvind.ParameterizedFunctionalCurveDefinitionTest"/>
  <testcase name="test_filtered_dropThis_atEnd" time="0.001" classname="com.oyvind.ParameterizedFunctionalCurveDefinitionTest"/>
  <testcase name="test_toCurveParameterSize" time="0.002" classname="com.oyvind.ParameterizedFunctionalCurveDefinitionTest"/>
  <testcase name="test_curve" time="0.011" classname="com.oyvind.ParameterizedFunctionalCurveDefinitionTest"/>
  <testcase name="test_filtered_dropOther_middle" time="0.001" classname="com.oyvind.ParameterizedFunctionalCurveDefinitionTest"/>
  <testcase name="coverage" time="0.071" classname="com.oyvind.ParameterizedFunctionalCurveDefinitionTest"/>
  <testcase name="test_builder_noParamMetadata" time="0.001" classname="com.oyvind.ParameterizedFunctionalCurveDefinitionTest"/>
  <testcase name="test_filtered_exception_atStart" time="0.000" classname="com.oyvind.ParameterizedFunctionalCurveDefinitionTest"/>
  <testcase name="test_filtered_exception_atEnd" time="0.002" classname="com.oyvind.ParameterizedFunctionalCurveDefinitionTest"/>
</testsuite> <!-- com.oyvind.ParameterizedFunctionalCurveDefinitionTest -->
