<?xml version="1.0" encoding="UTF-8"?>
<!-- Generated by org.testng.reporters.JUnitReportReporter -->
<testsuite skipped="0" hostname="ONV407060" name="com.opengamma.strata.examples.regression.SwapReportRegressionTest" tests="1" failures="0" timestamp="11 jan 2021 07:55:37 GMT" time="0.463" errors="1">
  <testcase name="testResults" time="0.463" classname="com.opengamma.strata.examples.regression.SwapReportRegressionTest">
    <error type="java.lang.Error" message="Unresolved compilation problem: 
	The method of(RatesCurveGroup) in the type RatesMarketDataLookup is not applicable for the arguments (CurveGroup)
">
      <![CDATA[java.lang.Error: Unresolved compilation problem: 
	The method of(RatesCurveGroup) in the type RatesMarketDataLookup is not applicable for the arguments (CurveGroup)

	at com.opengamma.strata.examples.marketdata.ExampleMarketDataBuilder.ratesLookup(ExampleMarketDataBuilder.java:182)
	at com.opengamma.strata.examples.regression.SwapReportRegressionTest.testResults(SwapReportRegressionTest.java:83)
	at sun.reflect.NativeMethodAccessorImpl.invoke0(Native Method)
	at sun.reflect.NativeMethodAccessorImpl.invoke(Unknown Source)
	at sun.reflect.DelegatingMethodAccessorImpl.invoke(Unknown Source)
	at java.lang.reflect.Method.invoke(Unknown Source)
	at org.testng.internal.MethodInvocationHelper.invokeMethod(MethodInvocationHelper.java:108)
	at org.testng.internal.Invoker.invokeMethod(Invoker.java:669)
	at org.testng.internal.Invoker.invokeTestMethod(Invoker.java:877)
	at org.testng.internal.Invoker.invokeTestMethods(Invoker.java:1201)
	at org.testng.internal.TestMethodWorker.invokeTestMethods(TestMethodWorker.java:125)
	at org.testng.internal.TestMethodWorker.run(TestMethodWorker.java:109)
	at org.testng.TestRunner.privateRun(TestRunner.java:776)
	at org.testng.TestRunner.run(TestRunner.java:634)
	at org.testng.SuiteRunner.runTest(SuiteRunner.java:425)
	at org.testng.SuiteRunner.runSequentially(SuiteRunner.java:420)
	at org.testng.SuiteRunner.privateRun(SuiteRunner.java:385)
	at org.testng.SuiteRunner.run(SuiteRunner.java:334)
	at org.testng.SuiteRunnerWorker.runSuite(SuiteRunnerWorker.java:52)
	at org.testng.SuiteRunnerWorker.run(SuiteRunnerWorker.java:86)
	at org.testng.TestNG.runSuitesSequentially(TestNG.java:1318)
	at org.testng.TestNG.runSuitesLocally(TestNG.java:1243)
	at org.testng.TestNG.runSuites(TestNG.java:1161)
	at org.testng.TestNG.run(TestNG.java:1129)
	at org.testng.remote.AbstractRemoteTestNG.run(AbstractRemoteTestNG.java:114)
	at org.testng.remote.RemoteTestNG.initAndRun(RemoteTestNG.java:251)
	at org.testng.remote.RemoteTestNG.main(RemoteTestNG.java:77)
]]>
    </error>
  </testcase> <!-- testResults -->
</testsuite> <!-- com.opengamma.strata.examples.regression.SwapReportRegressionTest -->
