<?xml version="1.0" encoding="UTF-8"?>
<!-- Generated by org.testng.reporters.JUnitReportReporter -->
<testsuite skipped="0" hostname="ONV407060" name="valILS.DiscountingSwapLegPricerTest" tests="48" failures="0" timestamp="12 jan 2021 08:03:40 GMT" time="1.431" errors="0">
  <testcase name="test_pvbp_compounding_flat_fixed" time="0.002" classname="valILS.DiscountingSwapLegPricerTest"/>
  <testcase name="test_currentCash_convention" time="0.016" classname="valILS.DiscountingSwapLegPricerTest"/>
  <testcase name="test_annuityCash_onePeriod" time="0.000" classname="valILS.DiscountingSwapLegPricerTest"/>
  <testcase name="test_currencyExposure" time="0.016" classname="valILS.DiscountingSwapLegPricerTest"/>
  <testcase name="annuity_cash_2" time="0.001" classname="valILS.DiscountingSwapLegPricerTest"/>
  <testcase name="test_pvbpSensitivity_Compounding" time="0.005" classname="valILS.DiscountingSwapLegPricerTest"/>
  <testcase name="test_currentCash_zero" time="0.000" classname="valILS.DiscountingSwapLegPricerTest"/>
  <testcase name="test_forecastValue" time="0.001" classname="valILS.DiscountingSwapLegPricerTest"/>
  <testcase name="test_forecastValue_past" time="0.000" classname="valILS.DiscountingSwapLegPricerTest"/>
  <testcase name="test_presentValue_events" time="0.001" classname="valILS.DiscountingSwapLegPricerTest"/>
  <testcase name="test_pvbp_fxReset" time="0.001" classname="valILS.DiscountingSwapLegPricerTest"/>
  <testcase name="test_inflation_interpolated" time="0.012" classname="valILS.DiscountingSwapLegPricerTest"/>
  <testcase name="test_pvbpSensitivity" time="0.001" classname="valILS.DiscountingSwapLegPricerTest"/>
  <testcase name="test_pvbp_onePeriod" time="0.001" classname="valILS.DiscountingSwapLegPricerTest"/>
  <testcase name="test_pvbp_twoPeriods" time="0.001" classname="valILS.DiscountingSwapLegPricerTest"/>
  <testcase name="test_presentValue_withCurrency" time="0.000" classname="valILS.DiscountingSwapLegPricerTest"/>
  <testcase name="test_pvbp_compounding_none" time="0.000" classname="valILS.DiscountingSwapLegPricerTest"/>
  <testcase name="test_cashFlows" time="0.044" classname="valILS.DiscountingSwapLegPricerTest"/>
  <testcase name="test_currentCash_payPeriod" time="0.001" classname="valILS.DiscountingSwapLegPricerTest"/>
  <testcase name="test_pvbp_compounding_flat_ibor" time="0.001" classname="valILS.DiscountingSwapLegPricerTest"/>
  <testcase name="test_pvbpSensitivity_FxReset" time="0.001" classname="valILS.DiscountingSwapLegPricerTest"/>
  <testcase name="test_accruedInterest_valDateBeforePeriod" time="0.001" classname="valILS.DiscountingSwapLegPricerTest"/>
  <testcase name="annuity_cash" time="0.087" classname="valILS.DiscountingSwapLegPricerTest"/>
  <testcase name="test_couponEquivalent_twoPeriods" time="0.002" classname="valILS.DiscountingSwapLegPricerTest"/>
  <testcase name="test_presentValueSensitivity_finiteDifference_on" time="0.002" classname="valILS.DiscountingSwapLegPricerTest"/>
  <testcase name="annuity_cash_1" time="0.014" classname="valILS.DiscountingSwapLegPricerTest"/>
  <testcase name="test_annuityCashDerivative_onePeriod" time="0.001" classname="valILS.DiscountingSwapLegPricerTest"/>
  <testcase name="test_presentValue_withCurrency_past" time="0.000" classname="valILS.DiscountingSwapLegPricerTest"/>
  <testcase name="test_getters" time="0.000" classname="valILS.DiscountingSwapLegPricerTest"/>
  <testcase name="test_presentValueSensitivity_finiteDifference" time="0.010" classname="valILS.DiscountingSwapLegPricerTest"/>
  <testcase name="test_presentValueSensitivity_events" time="0.005" classname="valILS.DiscountingSwapLegPricerTest"/>
  <testcase name="test_forecastValueSensitivity" time="0.001" classname="valILS.DiscountingSwapLegPricerTest"/>
  <testcase name="test_presentValue_past" time="0.000" classname="valILS.DiscountingSwapLegPricerTest"/>
  <testcase name="test_pvbpSensitivity_compounding_flat_ibor" time="0.034" classname="valILS.DiscountingSwapLegPricerTest"/>
  <testcase name="test_presentValueSensitivity_periods" time="0.001" classname="valILS.DiscountingSwapLegPricerTest"/>
  <testcase name="test_annuityCashDerivative_twoPeriods" time="0.001" classname="valILS.DiscountingSwapLegPricerTest"/>
  <testcase name="test_presentValue_periods" time="0.000" classname="valILS.DiscountingSwapLegPricerTest"/>
  <testcase name="test_currencyExposure_fx" time="0.014" classname="valILS.DiscountingSwapLegPricerTest"/>
  <testcase name="test_accruedInterest_valDateAfterPeriod" time="0.001" classname="valILS.DiscountingSwapLegPricerTest"/>
  <testcase name="test_inflation_monthly" time="0.416" classname="valILS.DiscountingSwapLegPricerTest"/>
  <testcase name="test_presentValueSensitivity_finiteDifference_onholyday" time="0.003" classname="valILS.DiscountingSwapLegPricerTest"/>
  <testcase name="test_inflation_fixed" time="0.001" classname="valILS.DiscountingSwapLegPricerTest"/>
  <testcase name="test_presentValue" time="0.001" classname="valILS.DiscountingSwapLegPricerTest"/>
  <testcase name="test_currentCash_payEvent" time="0.001" classname="valILS.DiscountingSwapLegPricerTest"/>
  <testcase name="annuity_cash_3" time="0.000" classname="valILS.DiscountingSwapLegPricerTest"/>
  <testcase name="test_presentValueSensitivity" time="0.000" classname="valILS.DiscountingSwapLegPricerTest"/>
  <testcase name="test_annuityCash_twoPeriods" time="0.000" classname="valILS.DiscountingSwapLegPricerTest"/>
  <testcase name="test_accruedInterest_firstAccrualPeriod" time="0.730" classname="valILS.DiscountingSwapLegPricerTest"/>
</testsuite> <!-- valILS.DiscountingSwapLegPricerTest -->
